<?xml version="1.0" encoding="utf-8"?><testsuites name="pytest tests"><testsuite name="pytest" errors="0" failures="0" skipped="0" tests="17" time="9.235" timestamp="2026-03-11T22:25:59.267779+00:00" hostname="agent-env-0044b296-b371-46d9-b5b8-328cebb135e0"><testcase classname="tests.test_matching_engine_v1.TestCalculateMatchScore" name="test_perfect_match_near_100_percent" time="1.064" /><testcase classname="tests.test_matching_engine_v1.TestCalculateMatchScore" name="test_zero_match_nothing_matches" time="1.047" /><testcase classname="tests.test_matching_engine_v1.TestCalculateMatchScore" name="test_partial_category_match_via_summary" time="1.056" /><testcase classname="tests.test_matching_engine_v1.TestMatchingTriggers" name="test_candidate_creation_triggers_employer_alert" time="1.057" /><testcase classname="tests.test_matching_engine_v1.TestMatchingTriggers" name="test_job_creation_triggers_candidate_alert" time="1.559" /><testcase classname="tests.test_matching_engine_v1.TestThresholds" name="test_employer_alert_at_50_percent_threshold" time="1.069" /><testcase classname="tests.test_matching_engine_v1.TestThresholds" name="test_candidate_alert_70_percent_threshold" time="1.056" /><testcase classname="tests.test_matching_engine_v1.TestNotificationAPI" name="test_get_all_notifications" time="0.016" /><testcase classname="tests.test_matching_engine_v1.TestNotificationAPI" name="test_filter_by_type_employer" time="0.016" /><testcase classname="tests.test_matching_engine_v1.TestNotificationAPI" name="test_filter_by_type_candidate" time="0.016" /><testcase classname="tests.test_matching_engine_v1.TestNotificationAPI" name="test_filter_by_candidate_id" time="0.036" /><testcase classname="tests.test_matching_engine_v1.TestNotificationAPI" name="test_filter_by_job_id" time="0.073" /><testcase classname="tests.test_matching_engine_v1.TestMessageFormat" name="test_employer_message_format" time="0.017" /><testcase classname="tests.test_matching_engine_v1.TestMessageFormat" name="test_candidate_message_format" time="0.018" /><testcase classname="tests.test_matching_engine_v1.TestDataIntegrity" name="test_notification_entry_has_required_fields" time="0.037" /><testcase classname="tests.test_matching_engine_v1.TestRegression" name="test_jobs_api_still_works" time="0.042" /><testcase classname="tests.test_matching_engine_v1.TestRegression" name="test_candidates_api_still_works" time="0.912" /></testsuite></testsuites>