<?xml version="1.0" encoding="utf-8"?><testsuites name="pytest tests"><testsuite name="pytest" errors="0" failures="0" skipped="0" tests="20" time="1.250" timestamp="2026-03-11T21:38:05.920320+00:00" hostname="agent-env-0044b296-b371-46d9-b5b8-328cebb135e0"><testcase classname="tests.test_kyc_jobs_v2.TestEmployerAPI" name="test_create_employer_success" time="0.451" /><testcase classname="tests.test_kyc_jobs_v2.TestEmployerAPI" name="test_create_employer_missing_company_name" time="0.011" /><testcase classname="tests.test_kyc_jobs_v2.TestEmployerAPI" name="test_get_employer_by_id" time="0.034" /><testcase classname="tests.test_kyc_jobs_v2.TestEmployerAPI" name="test_get_employer_not_found" time="0.011" /><testcase classname="tests.test_kyc_jobs_v2.TestEmployerAPI" name="test_get_all_employers" time="0.010" /><testcase classname="tests.test_kyc_jobs_v2.TestEmployerAPI" name="test_get_employers_filter_by_status" time="0.023" /><testcase classname="tests.test_kyc_jobs_v2.TestKYCUploadAPI" name="test_kyc_upload_pdf" time="0.171" /><testcase classname="tests.test_kyc_jobs_v2.TestKYCUploadAPI" name="test_kyc_upload_image_jpg" time="0.015" /><testcase classname="tests.test_kyc_jobs_v2.TestKYCUploadAPI" name="test_kyc_upload_missing_employer_id" time="0.011" /><testcase classname="tests.test_kyc_jobs_v2.TestKYCUploadAPI" name="test_kyc_upload_invalid_file_type" time="0.009" /><testcase classname="tests.test_kyc_jobs_v2.TestKYCApprovalAPI" name="test_approve_kyc" time="0.065" /><testcase classname="tests.test_kyc_jobs_v2.TestKYCApprovalAPI" name="test_reject_kyc" time="0.027" /><testcase classname="tests.test_kyc_jobs_v2.TestKYCApprovalAPI" name="test_approve_invalid_action" time="0.009" /><testcase classname="tests.test_kyc_jobs_v2.TestKYCApprovalAPI" name="test_approve_nonexistent_employer" time="0.035" /><testcase classname="tests.test_kyc_jobs_v2.TestExpandedJobSchema" name="test_create_job_with_expanded_schema" time="0.140" /><testcase classname="tests.test_kyc_jobs_v2.TestExpandedJobSchema" name="test_create_job_with_joining_fee" time="0.010" /><testcase classname="tests.test_kyc_jobs_v2.TestExpandedJobSchema" name="test_create_job_walk_in" time="0.010" /><testcase classname="tests.test_kyc_jobs_v2.TestJobsEnrichment" name="test_get_jobs_returns_employer_verified_field" time="0.037" /><testcase classname="tests.test_kyc_jobs_v2.TestJobsEnrichment" name="test_verified_employer_job_enrichment" time="0.014" /><testcase classname="tests.test_kyc_jobs_v2.TestExistingTestEmployer" name="test_fetch_emp_test_001" time="0.010" /></testsuite></testsuites>