<?xml version="1.0" encoding="utf-8"?><testsuites name="pytest tests"><testsuite name="pytest" errors="0" failures="0" skipped="0" tests="17" time="1.056" timestamp="2026-03-12T20:34:32.082218+00:00" hostname="agent-env-575a4b20-34fb-4065-a2e1-8e72f1e8df2f"><testcase classname="tests.test_phase8_unlock_experience.TestWalletAPI" name="test_get_wallet_default_employer" time="0.010" /><testcase classname="tests.test_phase8_unlock_experience.TestWalletAPI" name="test_get_wallet_new_employer" time="0.012" /><testcase classname="tests.test_phase8_unlock_experience.TestWalletAPI" name="test_post_wallet_add_credits" time="0.013" /><testcase classname="tests.test_phase8_unlock_experience.TestCreateOrderAPI" name="test_create_order_10_credits" time="0.012" /><testcase classname="tests.test_phase8_unlock_experience.TestCreateOrderAPI" name="test_create_order_25_credits" time="0.011" /><testcase classname="tests.test_phase8_unlock_experience.TestCreateOrderAPI" name="test_create_order_invalid_credits" time="0.008" /><testcase classname="tests.test_phase8_unlock_experience.TestCreateOrderAPI" name="test_create_order_missing_employer" time="0.008" /><testcase classname="tests.test_phase8_unlock_experience.TestVerifyPaymentAPI" name="test_verify_mock_payment_adds_credits" time="0.010" /><testcase classname="tests.test_phase8_unlock_experience.TestVerifyPaymentAPI" name="test_verify_credits_accumulate" time="0.039" /><testcase classname="tests.test_phase8_unlock_experience.TestUnlockAPI" name="test_unlock_insufficient_credits" time="0.536" /><testcase classname="tests.test_phase8_unlock_experience.TestUnlockAPI" name="test_unlock_deducts_one_credit" time="0.072" /><testcase classname="tests.test_phase8_unlock_experience.TestUnlockAPI" name="test_unlock_already_unlocked_no_deduction" time="0.049" /><testcase classname="tests.test_phase8_unlock_experience.TestUnlockAPI" name="test_unlock_missing_candidate_id" time="0.007" /><testcase classname="tests.test_phase8_unlock_experience.TestUnlockAPI" name="test_unlock_invalid_candidate_id" time="0.040" /><testcase classname="tests.test_phase8_unlock_experience.TestEndToEndFlow" name="test_full_payment_unlock_flow" time="0.050" /><testcase classname="tests.test_phase8_unlock_experience.TestMatchScoreCalculation" name="test_jobs_have_required_fields_for_matching" time="0.053" /><testcase classname="tests.test_phase8_unlock_experience.TestMatchScoreCalculation" name="test_candidates_have_required_fields_for_matching" time="0.011" /></testsuite></testsuites>