<?xml version="1.0" encoding="utf-8"?><testsuites name="pytest tests"><testsuite name="pytest" errors="0" failures="0" skipped="0" tests="16" time="1.361" timestamp="2026-03-11T21:55:16.196403+00:00" hostname="agent-env-0044b296-b371-46d9-b5b8-328cebb135e0"><testcase classname="tests.test_candidate_kyc_v3.TestCandidateFilters" name="test_filter_by_education_level" time="0.021" /><testcase classname="tests.test_candidate_kyc_v3.TestCandidateFilters" name="test_filter_by_english_level" time="0.022" /><testcase classname="tests.test_candidate_kyc_v3.TestCandidateFilters" name="test_filter_by_experience_type" time="0.015" /><testcase classname="tests.test_candidate_kyc_v3.TestCandidateFilters" name="test_filter_by_verified_only" time="0.013" /><testcase classname="tests.test_candidate_kyc_v3.TestCandidateFilters" name="test_filter_all_returns_unfiltered" time="0.013" /><testcase classname="tests.test_candidate_kyc_v3.TestCandidateFilters" name="test_filter_with_all_education_ignored" time="0.060" /><testcase classname="tests.test_candidate_kyc_v3.TestCandidateFilters" name="test_combined_filters" time="0.013" /><testcase classname="tests.test_candidate_kyc_v3.TestManualEntryKYCFields" name="test_manual_entry_saves_kyc_fields" time="0.585" /><testcase classname="tests.test_candidate_kyc_v3.TestCandidateIdUpload" name="test_upload_id_sets_pending_status" time="0.295" /><testcase classname="tests.test_candidate_kyc_v3.TestCandidateIdUpload" name="test_upload_id_requires_candidate_id" time="0.012" /><testcase classname="tests.test_candidate_kyc_v3.TestCandidateIdUpload" name="test_upload_id_requires_document" time="0.022" /><testcase classname="tests.test_candidate_kyc_v3.TestCandidateKYCAdminActions" name="test_admin_approve_sets_verified" time="0.083" /><testcase classname="tests.test_candidate_kyc_v3.TestCandidateKYCAdminActions" name="test_admin_reject_sets_unverified" time="0.057" /><testcase classname="tests.test_candidate_kyc_v3.TestCandidateKYCAdminActions" name="test_admin_action_requires_candidate_id" time="0.017" /><testcase classname="tests.test_candidate_kyc_v3.TestCandidateKYCAdminActions" name="test_admin_action_requires_valid_action" time="0.015" /><testcase classname="tests.test_candidate_kyc_v3.TestExistingVerifiedCandidate" name="test_verified_candidate_exists" time="0.012" /></testsuite></testsuites>