<?xml version="1.0" encoding="utf-8"?><testsuites name="pytest tests"><testsuite name="pytest" errors="0" failures="0" skipped="0" tests="18" time="1.897" timestamp="2026-03-11T22:14:40.155736+00:00" hostname="agent-env-0044b296-b371-46d9-b5b8-328cebb135e0"><testcase classname="tests.test_payments_v1.TestWalletAPI" name="test_wallet_new_employer_returns_zero_balance" time="0.019" /><testcase classname="tests.test_payments_v1.TestWalletAPI" name="test_wallet_default_employer" time="0.019" /><testcase classname="tests.test_payments_v1.TestPaymentCreateOrder" name="test_create_order_10_credits" time="0.033" /><testcase classname="tests.test_payments_v1.TestPaymentCreateOrder" name="test_create_order_25_credits" time="0.012" /><testcase classname="tests.test_payments_v1.TestPaymentCreateOrder" name="test_create_order_50_credits" time="0.012" /><testcase classname="tests.test_payments_v1.TestPaymentCreateOrder" name="test_create_order_invalid_credits_returns_400" time="0.014" /><testcase classname="tests.test_payments_v1.TestPaymentCreateOrder" name="test_create_order_missing_employer_id_returns_400" time="0.024" /><testcase classname="tests.test_payments_v1.TestPaymentCreateOrder" name="test_create_order_missing_credits_returns_400" time="0.014" /><testcase classname="tests.test_payments_v1.TestPaymentVerify" name="test_verify_mock_payment_adds_credits" time="0.617" /><testcase classname="tests.test_payments_v1.TestPaymentVerify" name="test_verify_accumulates_credits" time="0.049" /><testcase classname="tests.test_payments_v1.TestPaymentVerify" name="test_verify_invalid_credits_returns_400" time="0.028" /><testcase classname="tests.test_payments_v1.TestPaymentVerify" name="test_verify_missing_employer_returns_400" time="0.019" /><testcase classname="tests.test_payments_v1.TestUnlockWithCredits" name="test_unlock_insufficient_credits_returns_402" time="0.513" /><testcase classname="tests.test_payments_v1.TestUnlockWithCredits" name="test_unlock_deducts_one_credit" time="0.111" /><testcase classname="tests.test_payments_v1.TestUnlockWithCredits" name="test_unlock_already_unlocked_no_deduction" time="0.084" /><testcase classname="tests.test_payments_v1.TestUnlockWithCredits" name="test_unlock_missing_candidate_id_returns_400" time="0.011" /><testcase classname="tests.test_payments_v1.TestUnlockWithCredits" name="test_unlock_invalid_candidate_returns_404" time="0.037" /><testcase classname="tests.test_payments_v1.TestE2EPaymentFlow" name="test_full_payment_and_unlock_flow" time="0.116" /></testsuite></testsuites>