<?xml version="1.0" encoding="utf-8"?><testsuites name="pytest tests"><testsuite name="pytest" errors="0" failures="0" skipped="0" tests="18" time="18.452" timestamp="2026-03-11T22:00:48.331522+00:00" hostname="agent-env-0044b296-b371-46d9-b5b8-328cebb135e0"><testcase classname="tests.test_comprehensive_v4.TestSuite1VoiceAIPipeline" name="test_1_1_upload_telugu_audio" time="15.062" /><testcase classname="tests.test_comprehensive_v4.TestSuite1VoiceAIPipeline" name="test_1_2_mock_fallback_code_exists" time="0.000" /><testcase classname="tests.test_comprehensive_v4.TestSuite1VoiceAIPipeline" name="test_1_3_data_integrity_after_processing" time="0.044" /><testcase classname="tests.test_comprehensive_v4.TestSuite2KYCVerification" name="test_2_1_employer_e2e_kyc_flow" time="0.947" /><testcase classname="tests.test_comprehensive_v4.TestSuite2KYCVerification" name="test_2_2_candidate_e2e_kyc_flow" time="0.336" /><testcase classname="tests.test_comprehensive_v4.TestSuite2KYCVerification" name="test_2_3_admin_kyc_approve_employer" time="0.109" /><testcase classname="tests.test_comprehensive_v4.TestSuite2KYCVerification" name="test_2_4_admin_kyc_approve_candidate" time="0.094" /><testcase classname="tests.test_comprehensive_v4.TestSuite3FilteringMatchmaking" name="test_3_1_filter_regression_education_english" time="1.091" /><testcase classname="tests.test_comprehensive_v4.TestSuite3FilteringMatchmaking" name="test_3_2_filter_experience_only" time="0.018" /><testcase classname="tests.test_comprehensive_v4.TestSuite3FilteringMatchmaking" name="test_3_3_verified_only_filter" time="0.039" /><testcase classname="tests.test_comprehensive_v4.TestSuite3FilteringMatchmaking" name="test_3_4_whatsapp_link_generation" time="0.000" /><testcase classname="tests.test_comprehensive_v4.TestSuite4SchemaAPIHealth" name="test_4_1_jobs_post_validation_no_title" time="0.196" /><testcase classname="tests.test_comprehensive_v4.TestSuite4SchemaAPIHealth" name="test_4_2_jobs_post_expanded_schema" time="0.028" /><testcase classname="tests.test_comprehensive_v4.TestSuite4SchemaAPIHealth" name="test_4_3_candidates_post_validation_no_audio" time="0.034" /><testcase classname="tests.test_comprehensive_v4.TestSuite4SchemaAPIHealth" name="test_4_4_candidates_manual_entry_stores_fields" time="0.051" /><testcase classname="tests.test_comprehensive_v4.TestSuite4SchemaAPIHealth" name="test_4_5_employer_post_validation_no_company_name" time="0.016" /><testcase classname="tests.test_comprehensive_v4.TestSuite4SchemaAPIHealth" name="test_4_6_employer_patch_invalid_action" time="0.014" /><testcase classname="tests.test_comprehensive_v4.TestSuite4SchemaAPIHealth" name="test_4_7_api_health_all_endpoints" time="0.089" /></testsuite></testsuites>