<?xml version="1.0" encoding="utf-8"?><testsuites name="pytest tests"><testsuite name="pytest" errors="0" failures="0" skipped="0" tests="23" time="4.102" timestamp="2026-03-12T20:50:37.651678+00:00" hostname="agent-env-575a4b20-34fb-4065-a2e1-8e72f1e8df2f"><testcase classname="tests.test_auth_v1.TestSignup" name="test_signup_missing_fields" time="0.546" /><testcase classname="tests.test_auth_v1.TestSignup" name="test_signup_short_password" time="0.008" /><testcase classname="tests.test_auth_v1.TestSignup" name="test_signup_duplicate_phone" time="0.019" /><testcase classname="tests.test_auth_v1.TestSignup" name="test_signup_success_with_otp_hint" time="0.104" /><testcase classname="tests.test_auth_v1.TestOtpVerification" name="test_verify_otp_missing_fields" time="0.168" /><testcase classname="tests.test_auth_v1.TestOtpVerification" name="test_verify_otp_no_pending_signup" time="0.026" /><testcase classname="tests.test_auth_v1.TestOtpVerification" name="test_verify_otp_wrong_code" time="0.114" /><testcase classname="tests.test_auth_v1.TestOtpVerification" name="test_verify_otp_success_creates_employer_and_wallet" time="0.255" /><testcase classname="tests.test_auth_v1.TestLogin" name="test_login_missing_fields" time="0.193" /><testcase classname="tests.test_auth_v1.TestLogin" name="test_login_wrong_phone" time="0.008" /><testcase classname="tests.test_auth_v1.TestLogin" name="test_login_wrong_password" time="0.103" /><testcase classname="tests.test_auth_v1.TestLogin" name="test_login_success" time="0.089" /><testcase classname="tests.test_auth_v1.TestAuthMe" name="test_auth_me_no_token" time="0.009" /><testcase classname="tests.test_auth_v1.TestAuthMe" name="test_auth_me_invalid_token" time="0.007" /><testcase classname="tests.test_auth_v1.TestAuthMe" name="test_auth_me_valid_token" time="0.115" /><testcase classname="tests.test_auth_v1.TestProtectedRoutes" name="test_wallet_get_without_auth" time="0.443" /><testcase classname="tests.test_auth_v1.TestProtectedRoutes" name="test_unlock_without_auth" time="0.412" /><testcase classname="tests.test_auth_v1.TestProtectedRoutes" name="test_payments_create_order_without_auth" time="0.625" /><testcase classname="tests.test_auth_v1.TestProtectedRoutes" name="test_payments_verify_without_auth" time="0.233" /><testcase classname="tests.test_auth_v1.TestProtectedRoutesWithAuth" name="test_wallet_with_auth" time="0.124" /><testcase classname="tests.test_auth_v1.TestProtectedRoutesWithAuth" name="test_payments_create_order_with_auth" time="0.028" /><testcase classname="tests.test_auth_v1.TestProtectedRoutesWithAuth" name="test_payments_verify_with_auth" time="0.020" /><testcase classname="tests.test_auth_v1.TestE2EAuthFlow" name="test_e2e_signup_buy_credits_unlock" time="0.353" /></testsuite></testsuites>